1, 1266494391
2, 1266494405
3, 1266494413
4, 1266494421
5, 126649443X
6, 1266494448
7, 1266494456
8, 1266494464
9, 1266494472
10, 1266494480
11, 1266494499
12, 1266494502
13, 1266494510
14, 1266494529
15, 1266494537
16, 1266494545
17, 1266494561
18, 126649457X
19, 1266494588
20, 1266494596
21, 126649460X
22, 1266494618
23, 1266494626
24, 1266494634
25, 1266494642
26, 1266494650
27, 1266494669
28, 1266494677
29, 1266494685
30, 1266494693
31, 1266494707
32, 1266494715
33, 1266494723
34, 1266494731
35, 126649474X
36, 1266494758
37, 1266494766
38, 1266494782
39, 1266494804
40, 1266494812
41, 1266494820
42, 1266494839
43, 1266494847
44, 1266494863
45, 1266494871
46, 126649488X
47, 1266494898
48, 1266494901
49, 126649491X
50, 1266494928
51, 1266494936
52, 1266494944
53, 1266494952
54, 1266494960
55, 1266494979
56, 1266494987
57, 1266494995
58, 1266495002
59, 1266495010
60, 1266495029
61, 1266495037
62, 1266495045
63, 1266495053
64, 1266495061
65, 126649507X
66, 1266495088
67, 1266495096
68, 126649510X
69, 1266495118
70, 1266495126
71, 1266495134
72, 1266495142
73, 1266495150
74, 1266495169
75, 1266495177
76, 1266495185
77, 1266495193
78, 1266495207
79, 1266495215
80, 1266495223
81, 1266495231
82, 126649524X
83, 1266495258
84, 1266495266
85, 1266495282
86, 1266495290
87, 1266495304
88, 1266495320
89, 1266495339
90, 1266495347
91, 1266495363
92, 1266495371
93, 126649538X
94, 1266495398
95, 1266495401
96, 126649541X
97, 1266495428
98, 1266495436
99, 1266495444
100, 1266495452
101, 1266495460
102, 1266495487
103, 1266495495
104, 1266495509
105, 1266495517
106, 1266495525
107, 1266495541
108, 126649555X
109, 1266495568
110, 1266495576
111, 1266495584
112, 1266495592
113, 1266495606
114, 1266495614
115, 1266495622
116, 1266495649
117, 1266495657
118, 1266495665
119, 1266495673
120, 126649569X
121, 1266495703
122, 1266495711
